<?xml version="1.0" encoding="UTF-8"?>
<!-- Generated by org.testng.reporters.JUnitXMLReporter -->
<testsuite hostname="DESKTOP-O3E0A86" ignored="0" name="Test" tests="4" failures="0" timestamp="2020-06-25T06:16:24 IST" time="2.233" errors="0">
  <testcase name="validateResponseBody" time="0.04" classname="UserTestCases.GetComments"/>
  <testcase name="validateResponseTime" time="0.002" classname="UserTestCases.GetComments"/>
  <testcase name="validateStatusCode" time="0.002" classname="UserTestCases.GetComments"/>
  <testcase name="validateStatusCode" time="0.005" classname="UserTestCases.PostSingleUser"/>
</testsuite> <!-- Test -->
