<?xml version="1.0" encoding="UTF-8"?>
<!-- Generated by org.testng.reporters.JUnitXMLReporter -->
<testsuite hostname="DESKTOP-O3E0A86" ignored="0" name="Test" tests="2" failures="2" timestamp="2020-06-24T09:19:44 IST" time="2.24" errors="0">
  <testcase name="getAPITest001" time="1.346" classname="UserTestCases.GetComments">
    <failure type="java.lang.AssertionError" message="expected [201] but found [200]">
      <![CDATA[java.lang.AssertionError: expected [201] but found [200]
at UserTestCases.GetComments.getAPITest001(GetComments.java:27)
at java.util.ArrayList.forEach(ArrayList.java:1257)
... Removed 32 stack frames]]>
    </failure>
  </testcase> <!-- getAPITest001 -->
  <testcase name="postAPITest003" time="0.351" classname="UserTestCases.PostSingleUser">
    <failure type="java.lang.AssertionError" message="expected [200] but found [201]">
      <![CDATA[java.lang.AssertionError: expected [200] but found [201]
at UserTestCases.PostSingleUser.postAPITest003(PostSingleUser.java:35)
at java.util.ArrayList.forEach(ArrayList.java:1257)
... Removed 32 stack frames]]>
    </failure>
  </testcase> <!-- postAPITest003 -->
</testsuite> <!-- Test -->
